<?xml version="1.0" encoding="UTF-8"?>
<!-- Generated by org.testng.reporters.JUnitReportReporter -->
<testsuite skipped="0" hostname="DESKTOP-D26R0D6" name="Tests.LoadProductionChartAPI" tests="3" failures="0" timestamp="14 Apr 2021 06:38:29 GMT" time="7.213" errors="0">
  <testcase name="LoadProductionChart" time="0.933" classname="Tests.LoadProductionChartAPI"/>
  <testcase name="LoadProductionChart" time="4.651" classname="Tests.LoadProductionChartAPI"/>
  <testcase name="LoadProductionChart" time="1.629" classname="Tests.LoadProductionChartAPI"/>
</testsuite> <!-- Tests.LoadProductionChartAPI -->
