<?xml version="1.0" encoding="UTF-8"?>
<!-- Generated by org.testng.reporters.JUnitReportReporter -->
<testsuite skipped="0" hostname="DESKTOP-D26R0D6" name="Tests.LoadProductionChartAPI" tests="3" failures="0" timestamp="27 Apr 2021 08:22:18 GMT" time="8.413" errors="0">
  <testcase name="LoadProductionChart" time="1.485" classname="Tests.LoadProductionChartAPI"/>
  <testcase name="LoadProductionChart" time="5.139" classname="Tests.LoadProductionChartAPI"/>
  <testcase name="LoadProductionChart" time="1.789" classname="Tests.LoadProductionChartAPI"/>
</testsuite> <!-- Tests.LoadProductionChartAPI -->
