<?xml version="1.0" encoding="UTF-8"?>
<!-- Generated by org.testng.reporters.JUnitReportReporter -->
<testsuite skipped="0" hostname="DESKTOP-D26R0D6" name="Tests.LoadDashboardAPI" tests="3" failures="0" timestamp="27 Apr 2021 08:22:18 GMT" time="5.839" errors="0">
  <testcase name="loadDashboard" time="2.068" classname="Tests.LoadDashboardAPI"/>
  <testcase name="loadDashboard" time="1.492" classname="Tests.LoadDashboardAPI"/>
  <testcase name="loadDashboard" time="2.279" classname="Tests.LoadDashboardAPI"/>
</testsuite> <!-- Tests.LoadDashboardAPI -->
