<?xml version="1.0" encoding="UTF-8"?>
<!-- Generated by org.testng.reporters.JUnitReportReporter -->
<testsuite skipped="0" hostname="DESKTOP-D26R0D6" name="Tests.Loadwidgetdetails" tests="3" failures="0" timestamp="27 Apr 2021 08:22:18 GMT" time="10.480" errors="0">
  <testcase name="LoadWidgetsDetails" time="4.615" classname="Tests.Loadwidgetdetails"/>
  <testcase name="LoadWidgetsDetails" time="1.407" classname="Tests.Loadwidgetdetails"/>
  <testcase name="LoadWidgetsDetails" time="4.458" classname="Tests.Loadwidgetdetails"/>
</testsuite> <!-- Tests.Loadwidgetdetails -->
